<?xml version="1.0" encoding="UTF-8"?>
<!-- Generated by org.testng.reporters.JUnitReportReporter -->
<testsuite hostname="DESKTOP-S3K0L07" failures="0" tests="4" name="test.SwagLabLoginTest" time="77.839" errors="0" timestamp="2024-03-13T19:19:59 IST" skipped="0">
  <testcase classname="test.SwagLabLoginTest" name="loginWithLockedUser" time="23.878"/>
  <testcase classname="test.SwagLabLoginTest" name="loginWithValidCredentials" time="20.015"/>
  <testcase classname="test.SwagLabLoginTest" name="loginWithInValidCredentials" time="12.797"/>
  <testcase classname="test.SwagLabLoginTest" name="loginWirthPerformanceGlitchUser" time="21.149"/>
</testsuite> <!-- test.SwagLabLoginTest -->
